  Laba5.cpp
C:\Users\neket\Desktop\projects\visual\Laba5\BaseDesc\Laba5\Laba5.cpp(14,1): warning C4311: <function-style-cast>: усечение указателя из "Base *" в "int"
C:\Users\neket\Desktop\projects\visual\Laba5\BaseDesc\Laba5\Laba5.cpp(14,1): warning C4302: <function-style-cast>: усечение из "Base *" к "int"
C:\Users\neket\Desktop\projects\visual\Laba5\BaseDesc\Laba5\Laba5.cpp(19,1): warning C4311: <function-style-cast>: усечение указателя из "Base *" в "int"
C:\Users\neket\Desktop\projects\visual\Laba5\BaseDesc\Laba5\Laba5.cpp(19,1): warning C4302: <function-style-cast>: усечение из "Base *" к "int"
C:\Users\neket\Desktop\projects\visual\Laba5\BaseDesc\Laba5\Laba5.cpp(24,1): warning C4311: <function-style-cast>: усечение указателя из "Base *" в "int"
C:\Users\neket\Desktop\projects\visual\Laba5\BaseDesc\Laba5\Laba5.cpp(24,1): warning C4302: <function-style-cast>: усечение из "Base *" к "int"
C:\Users\neket\Desktop\projects\visual\Laba5\BaseDesc\Laba5\Laba5.cpp(24,1): warning C4311: приведение типов: усечение указателя из "const Base *" в "int"
C:\Users\neket\Desktop\projects\visual\Laba5\BaseDesc\Laba5\Laba5.cpp(24,1): warning C4302: приведение типов: усечение из "const Base *" к "int"
C:\Users\neket\Desktop\projects\visual\Laba5\BaseDesc\Laba5\Laba5.cpp(29,1): warning C4311: <function-style-cast>: усечение указателя из "Base *" в "int"
C:\Users\neket\Desktop\projects\visual\Laba5\BaseDesc\Laba5\Laba5.cpp(29,1): warning C4302: <function-style-cast>: усечение из "Base *" к "int"
C:\Users\neket\Desktop\projects\visual\Laba5\BaseDesc\Laba5\Laba5.cpp(29,1): warning C4311: приведение типов: усечение указателя из "Base *" в "int"
C:\Users\neket\Desktop\projects\visual\Laba5\BaseDesc\Laba5\Laba5.cpp(29,1): warning C4302: приведение типов: усечение из "Base *" к "int"
C:\Users\neket\Desktop\projects\visual\Laba5\BaseDesc\Laba5\Laba5.cpp(36,1): warning C4311: приведение типов: усечение указателя из "Base *" в "int"
C:\Users\neket\Desktop\projects\visual\Laba5\BaseDesc\Laba5\Laba5.cpp(36,1): warning C4302: приведение типов: усечение из "Base *" к "int"
C:\Users\neket\Desktop\projects\visual\Laba5\BaseDesc\Laba5\Laba5.cpp(45,1): warning C4311: <function-style-cast>: усечение указателя из "Desc *" в "int"
C:\Users\neket\Desktop\projects\visual\Laba5\BaseDesc\Laba5\Laba5.cpp(45,1): warning C4302: <function-style-cast>: усечение из "Desc *" к "int"
C:\Users\neket\Desktop\projects\visual\Laba5\BaseDesc\Laba5\Laba5.cpp(50,1): warning C4311: <function-style-cast>: усечение указателя из "Desc *" в "int"
C:\Users\neket\Desktop\projects\visual\Laba5\BaseDesc\Laba5\Laba5.cpp(50,1): warning C4302: <function-style-cast>: усечение из "Desc *" к "int"
C:\Users\neket\Desktop\projects\visual\Laba5\BaseDesc\Laba5\Laba5.cpp(55,1): warning C4311: <function-style-cast>: усечение указателя из "Desc *" в "int"
C:\Users\neket\Desktop\projects\visual\Laba5\BaseDesc\Laba5\Laba5.cpp(55,1): warning C4302: <function-style-cast>: усечение из "Desc *" к "int"
C:\Users\neket\Desktop\projects\visual\Laba5\BaseDesc\Laba5\Laba5.cpp(55,1): warning C4311: приведение типов: усечение указателя из "const Desc *" в "int"
C:\Users\neket\Desktop\projects\visual\Laba5\BaseDesc\Laba5\Laba5.cpp(55,1): warning C4302: приведение типов: усечение из "const Desc *" к "int"
C:\Users\neket\Desktop\projects\visual\Laba5\BaseDesc\Laba5\Laba5.cpp(60,1): warning C4311: <function-style-cast>: усечение указателя из "Desc *" в "int"
C:\Users\neket\Desktop\projects\visual\Laba5\BaseDesc\Laba5\Laba5.cpp(60,1): warning C4302: <function-style-cast>: усечение из "Desc *" к "int"
C:\Users\neket\Desktop\projects\visual\Laba5\BaseDesc\Laba5\Laba5.cpp(60,1): warning C4311: приведение типов: усечение указателя из "Desc *" в "int"
C:\Users\neket\Desktop\projects\visual\Laba5\BaseDesc\Laba5\Laba5.cpp(60,1): warning C4302: приведение типов: усечение из "Desc *" к "int"
C:\Users\neket\Desktop\projects\visual\Laba5\BaseDesc\Laba5\Laba5.cpp(66,1): warning C4311: приведение типов: усечение указателя из "Desc *" в "int"
C:\Users\neket\Desktop\projects\visual\Laba5\BaseDesc\Laba5\Laba5.cpp(66,1): warning C4302: приведение типов: усечение из "Desc *" к "int"
C:\Users\neket\Desktop\projects\visual\Laba5\BaseDesc\Laba5\Laba5.cpp(142,83): warning C4311: приведение типов: усечение указателя из "Base *" в "int"
C:\Users\neket\Desktop\projects\visual\Laba5\BaseDesc\Laba5\Laba5.cpp(142,83): warning C4302: приведение типов: усечение из "Base *" к "int"
C:\Users\neket\Desktop\projects\visual\Laba5\BaseDesc\Laba5\Laba5.cpp(99): warning C4172: возвращение адреса локальной или временной переменной : o
C:\Users\neket\Desktop\projects\visual\Laba5\BaseDesc\Laba5\Laba5.cpp(113): warning C4172: возвращение адреса локальной или временной переменной : o
  Laba5.vcxproj -> C:\Users\neket\Desktop\projects\visual\Laba5\BaseDesc\x64\Debug\Laba5.exe
